Grammatica

    0 $accept: program $end

    1 program: expr
    2        | %empty

    3 expr: INTEGER
    4     | expr '+' expr
    5     | expr '-' expr
    6     | expr '*' expr
    7     | expr '/' expr
    8     | '(' expr ')'


Simboli terminali e regole in cui appaiono

$end (0) 0
'(' (40) 8
')' (41) 8
'*' (42) 6
'+' (43) 4
'-' (45) 5
'/' (47) 7
error (256)
INTEGER (258) 3


Simboli nonterminali e regole in cui appaiono

$accept (10)
    nel primo membro: 0
program (11)
    nel primo membro: 1 2, nel secondo membro: 0
expr (12)
    nel primo membro: 3 4 5 6 7 8, nel secondo membro: 1 4 5 6 7 8


Stato 0

    0 $accept: . program $end

    INTEGER  shift e prosecuzione allo stato 1
    '('      shift e prosecuzione allo stato 2

    $default  riduzione con la regola 2 (program)

    program  prosecuzione allo stato 3
    expr     prosecuzione allo stato 4


Stato 1

    3 expr: INTEGER .

    $default  riduzione con la regola 3 (expr)


Stato 2

    8 expr: '(' . expr ')'

    INTEGER  shift e prosecuzione allo stato 1
    '('      shift e prosecuzione allo stato 2

    expr  prosecuzione allo stato 5


Stato 3

    0 $accept: program . $end

    $end  shift e prosecuzione allo stato 6


Stato 4

    1 program: expr .
    4 expr: expr . '+' expr
    5     | expr . '-' expr
    6     | expr . '*' expr
    7     | expr . '/' expr

    '+'  shift e prosecuzione allo stato 7
    '-'  shift e prosecuzione allo stato 8
    '*'  shift e prosecuzione allo stato 9
    '/'  shift e prosecuzione allo stato 10

    $default  riduzione con la regola 1 (program)


Stato 5

    4 expr: expr . '+' expr
    5     | expr . '-' expr
    6     | expr . '*' expr
    7     | expr . '/' expr
    8     | '(' expr . ')'

    '+'  shift e prosecuzione allo stato 7
    '-'  shift e prosecuzione allo stato 8
    '*'  shift e prosecuzione allo stato 9
    '/'  shift e prosecuzione allo stato 10
    ')'  shift e prosecuzione allo stato 11


Stato 6

    0 $accept: program $end .

    $default  accetta


Stato 7

    4 expr: expr '+' . expr

    INTEGER  shift e prosecuzione allo stato 1
    '('      shift e prosecuzione allo stato 2

    expr  prosecuzione allo stato 12


Stato 8

    5 expr: expr '-' . expr

    INTEGER  shift e prosecuzione allo stato 1
    '('      shift e prosecuzione allo stato 2

    expr  prosecuzione allo stato 13


Stato 9

    6 expr: expr '*' . expr

    INTEGER  shift e prosecuzione allo stato 1
    '('      shift e prosecuzione allo stato 2

    expr  prosecuzione allo stato 14


Stato 10

    7 expr: expr '/' . expr

    INTEGER  shift e prosecuzione allo stato 1
    '('      shift e prosecuzione allo stato 2

    expr  prosecuzione allo stato 15


Stato 11

    8 expr: '(' expr ')' .

    $default  riduzione con la regola 8 (expr)


Stato 12

    4 expr: expr . '+' expr
    4     | expr '+' expr .
    5     | expr . '-' expr
    6     | expr . '*' expr
    7     | expr . '/' expr

    '*'  shift e prosecuzione allo stato 9
    '/'  shift e prosecuzione allo stato 10

    $default  riduzione con la regola 4 (expr)


Stato 13

    4 expr: expr . '+' expr
    5     | expr . '-' expr
    5     | expr '-' expr .
    6     | expr . '*' expr
    7     | expr . '/' expr

    '*'  shift e prosecuzione allo stato 9
    '/'  shift e prosecuzione allo stato 10

    $default  riduzione con la regola 5 (expr)


Stato 14

    4 expr: expr . '+' expr
    5     | expr . '-' expr
    6     | expr . '*' expr
    6     | expr '*' expr .
    7     | expr . '/' expr

    $default  riduzione con la regola 6 (expr)


Stato 15

    4 expr: expr . '+' expr
    5     | expr . '-' expr
    6     | expr . '*' expr
    7     | expr . '/' expr
    7     | expr '/' expr .

    $default  riduzione con la regola 7 (expr)
